2018:07:18 09:57:49.397 INFO  --- [restartedMain] com.example.Application : Starting Application on DESKTOP-HLQF9U2 with PID 15008 (D:\princess\girlCrush2\girlCrush2\YOLOtour\target\classes started by TopCreduD6 in D:\princess\girlCrush2\girlCrush2\YOLOtour) 
2018:07:18 09:57:49.403 INFO  --- [restartedMain] com.example.Application : No active profile set, falling back to default profiles: default 
2018:07:18 09:57:49.445 INFO  --- [restartedMain] o.s.b.c.e.AnnotationConfigEmbeddedWebApplicationContext : Refreshing org.springframework.boot.context.embedded.AnnotationConfigEmbeddedWebApplicationContext@580a33c5: startup date [Wed Jul 18 09:57:49 KST 2018]; root of context hierarchy 
2018:07:18 09:57:50.822 INFO  --- [restartedMain] o.s.b.c.e.t.TomcatEmbeddedServletContainer : Tomcat initialized with port(s): 8080 (http) 
2018:07:18 09:57:50.847 INFO  --- [restartedMain] o.a.catalina.core.StandardService : Starting service [Tomcat] 
2018:07:18 09:57:50.847 INFO  --- [restartedMain] o.a.catalina.core.StandardEngine : Starting Servlet Engine: Apache Tomcat/8.5.31 
2018:07:18 09:57:51.134 INFO  --- [localhost-startStop-1] o.apache.jasper.servlet.TldScanner : At least one JAR was scanned for TLDs yet contained no TLDs. Enable debug logging for this logger for a complete list of JARs that were scanned but no TLDs were found in them. Skipping unneeded JARs during scanning can improve startup time and JSP compilation time. 
2018:07:18 09:57:51.139 INFO  --- [localhost-startStop-1] o.a.c.c.C.[Tomcat].[localhost].[/] : Initializing Spring embedded WebApplicationContext 
2018:07:18 09:57:51.139 INFO  --- [localhost-startStop-1] o.s.web.context.ContextLoader : Root WebApplicationContext: initialization completed in 1694 ms 
2018:07:18 09:57:51.285 INFO  --- [localhost-startStop-1] o.s.b.w.s.ServletRegistrationBean : Mapping servlet: 'dispatcherServlet' to [/] 
2018:07:18 09:57:51.289 INFO  --- [localhost-startStop-1] o.s.b.w.s.FilterRegistrationBean : Mapping filter: 'characterEncodingFilter' to: [/*] 
2018:07:18 09:57:51.290 INFO  --- [localhost-startStop-1] o.s.b.w.s.FilterRegistrationBean : Mapping filter: 'hiddenHttpMethodFilter' to: [/*] 
2018:07:18 09:57:51.290 INFO  --- [localhost-startStop-1] o.s.b.w.s.FilterRegistrationBean : Mapping filter: 'httpPutFormContentFilter' to: [/*] 
2018:07:18 09:57:51.291 INFO  --- [localhost-startStop-1] o.s.b.w.s.FilterRegistrationBean : Mapping filter: 'requestContextFilter' to: [/*] 
2018:07:18 09:57:52.032 INFO  --- [restartedMain] o.s.w.s.m.m.a.RequestMappingHandlerAdapter : Looking for @ControllerAdvice: org.springframework.boot.context.embedded.AnnotationConfigEmbeddedWebApplicationContext@580a33c5: startup date [Wed Jul 18 09:57:49 KST 2018]; root of context hierarchy 
2018:07:18 09:57:52.083 INFO  --- [restartedMain] o.s.w.s.m.m.a.RequestMappingHandlerMapping : Mapped "{[/mypage],methods=[GET]}" onto public org.springframework.web.servlet.ModelAndView com.example.web.controller.captain.MyPageController.getMypageView(int,int,int,java.lang.String,javax.servlet.http.HttpSession,org.springframework.ui.Model) 
2018:07:18 09:57:52.088 INFO  --- [restartedMain] o.s.w.s.m.m.a.RequestMappingHandlerMapping : Mapped "{[/notices/view/{noticeId}],methods=[GET]}" onto public java.lang.String com.example.web.controller.captain.NoticeController.getNoticeView(long,javax.servlet.http.HttpSession,org.springframework.ui.Model) 
2018:07:18 09:57:52.088 INFO  --- [restartedMain] o.s.w.s.m.m.a.RequestMappingHandlerMapping : Mapped "{[/notices],methods=[GET]}" onto public org.springframework.web.servlet.ModelAndView com.example.web.controller.captain.NoticeController.getNoticesView(int,int,int) 
2018:07:18 09:57:52.089 INFO  --- [restartedMain] o.s.w.s.m.m.a.RequestMappingHandlerMapping : Mapped "{[/notices/write],methods=[POST]}" onto public java.lang.String com.example.web.controller.captain.NoticeController.postInsert(com.example.noticeboard.model.Notice,javax.servlet.http.HttpSession,org.springframework.ui.Model) 
2018:07:18 09:57:52.089 INFO  --- [restartedMain] o.s.w.s.m.m.a.RequestMappingHandlerMapping : Mapped "{[/notices/update/{noticeId}],methods=[GET]}" onto public java.lang.String com.example.web.controller.captain.NoticeController.getUpdateView(long,javax.servlet.http.HttpSession,org.springframework.ui.Model) 
2018:07:18 09:57:52.090 INFO  --- [restartedMain] o.s.w.s.m.m.a.RequestMappingHandlerMapping : Mapped "{[/notices/update],methods=[POST]}" onto public java.lang.String com.example.web.controller.captain.NoticeController.postUpdate(com.example.noticeboard.model.Notice,javax.servlet.http.HttpSession,org.springframework.ui.Model) 
2018:07:18 09:57:52.090 INFO  --- [restartedMain] o.s.w.s.m.m.a.RequestMappingHandlerMapping : Mapped "{[/notices/write],methods=[GET]}" onto public java.lang.String com.example.web.controller.captain.NoticeController.getInsertView(javax.servlet.http.HttpSession,org.springframework.ui.Model) 
2018:07:18 09:57:52.091 INFO  --- [restartedMain] o.s.w.s.m.m.a.RequestMappingHandlerMapping : Mapped "{[/notices/delete/{noticeId}],methods=[GET]}" onto public java.lang.String com.example.web.controller.captain.NoticeController.getDelete(long,javax.servlet.http.HttpSession,org.springframework.ui.Model) 
2018:07:18 09:57:52.092 INFO  --- [restartedMain] o.s.w.s.m.m.a.RequestMappingHandlerMapping : Mapped "{[/],methods=[GET]}" onto public java.lang.String com.example.web.controller.HomeController.getHomeView() 
2018:07:18 09:57:52.093 INFO  --- [restartedMain] o.s.w.s.m.m.a.RequestMappingHandlerMapping : Mapped "{[/payment/{travelId}],methods=[GET]}" onto public org.springframework.web.servlet.ModelAndView com.example.web.controller.marketing.PaymentController.getMypageView(long,java.lang.String,javax.servlet.http.HttpSession,org.springframework.ui.Model) 
2018:07:18 09:57:52.094 INFO  --- [restartedMain] o.s.w.s.m.m.a.RequestMappingHandlerMapping : Mapped "{[/payment/{travelId}/addPaycart/{travelId}],methods=[POST]}" onto public java.lang.String com.example.web.controller.marketing.PaymentController.postInsert(long,com.example.payment.model.Payment,javax.servlet.http.HttpSession,org.springframework.ui.Model) 
2018:07:18 09:57:52.094 INFO  --- [restartedMain] o.s.w.s.m.m.a.RequestMappingHandlerMapping : Mapped "{[/payment/{travelId}/addPaycart/{travelId}],methods=[GET]}" onto public java.lang.String com.example.web.controller.marketing.PaymentController.getInsertView(long,javax.servlet.http.HttpSession,org.springframework.ui.Model) 
2018:07:18 09:57:52.098 INFO  --- [restartedMain] o.s.w.s.m.m.a.RequestMappingHandlerMapping : Mapped "{[/travelboards/view/{travelId}],methods=[GET]}" onto public java.lang.String com.example.web.controller.marketing.TravelController.getDomesticTravelView(long,javax.servlet.http.HttpSession,org.springframework.ui.Model) 
2018:07:18 09:57:52.099 INFO  --- [restartedMain] o.s.w.s.m.m.a.RequestMappingHandlerMapping : Mapped "{[/travelboards/write/upload],methods=[POST]}" onto public java.lang.String com.example.web.controller.marketing.TravelController.FileNewUpload(org.springframework.web.multipart.MultipartFile,org.springframework.web.servlet.mvc.support.RedirectAttributes) 
2018:07:18 09:57:52.099 INFO  --- [restartedMain] o.s.w.s.m.m.a.RequestMappingHandlerMapping : Mapped "{[/travelboards/write],methods=[POST]}" onto public java.lang.String com.example.web.controller.marketing.TravelController.postInsert(com.example.travelboard.model.Travel,javax.servlet.http.HttpSession,org.springframework.ui.Model) 
2018:07:18 09:57:52.100 INFO  --- [restartedMain] o.s.w.s.m.m.a.RequestMappingHandlerMapping : Mapped "{[/travelboards/update/upload/{travelId}],methods=[POST]}" onto public java.lang.String com.example.web.controller.marketing.TravelController.FileUpload(org.springframework.web.multipart.MultipartFile,org.springframework.web.servlet.mvc.support.RedirectAttributes,com.example.travelboard.model.Travel,javax.servlet.http.HttpSession,org.springframework.ui.Model,long) 
2018:07:18 09:57:52.100 INFO  --- [restartedMain] o.s.w.s.m.m.a.RequestMappingHandlerMapping : Mapped "{[/travelboards/update/{travelId}],methods=[GET]}" onto public java.lang.String com.example.web.controller.marketing.TravelController.getUpdateView(long,javax.servlet.http.HttpSession,org.springframework.ui.Model) 
2018:07:18 09:57:52.101 INFO  --- [restartedMain] o.s.w.s.m.m.a.RequestMappingHandlerMapping : Mapped "{[/travelboards/update],methods=[POST]}" onto public java.lang.String com.example.web.controller.marketing.TravelController.postUpdate(com.example.travelboard.model.Travel,javax.servlet.http.HttpSession,org.springframework.ui.Model) 
2018:07:18 09:57:52.102 INFO  --- [restartedMain] o.s.w.s.m.m.a.RequestMappingHandlerMapping : Mapped "{[/travelboards/write],methods=[GET]}" onto public java.lang.String com.example.web.controller.marketing.TravelController.getInsertView(javax.servlet.http.HttpSession,org.springframework.ui.Model) 
2018:07:18 09:57:52.102 INFO  --- [restartedMain] o.s.w.s.m.m.a.RequestMappingHandlerMapping : Mapped "{[/travelboards],methods=[GET]}" onto public org.springframework.web.servlet.ModelAndView com.example.web.controller.marketing.TravelController.getTravelView(int,int,int,javax.servlet.http.HttpSession,org.springframework.ui.Model) 
2018:07:18 09:57:52.102 INFO  --- [restartedMain] o.s.w.s.m.m.a.RequestMappingHandlerMapping : Mapped "{[/travelboards/delete/{travelId}],methods=[GET]}" onto public java.lang.String com.example.web.controller.marketing.TravelController.getDelete(long,javax.servlet.http.HttpSession,org.springframework.ui.Model) 
2018:07:18 09:57:52.103 INFO  --- [restartedMain] o.s.w.s.m.m.a.RequestMappingHandlerMapping : Mapped "{[/travelboards/view/addcart/{travelId}],methods=[GET]}" onto public java.lang.String com.example.web.controller.marketing.TravelController.getAddCart(long,javax.servlet.http.HttpSession,org.springframework.ui.Model) 
2018:07:18 09:57:52.103 INFO  --- [restartedMain] o.s.w.s.m.m.a.RequestMappingHandlerMapping : Mapped "{[/travelboards/view/addcart/{travelId}],methods=[POST]}" onto public java.lang.String com.example.web.controller.marketing.TravelController.postAddCart(long,javax.servlet.http.HttpSession,org.springframework.ui.Model) 
2018:07:18 09:57:52.107 INFO  --- [restartedMain] o.s.w.s.m.m.a.RequestMappingHandlerMapping : Mapped "{[/logout],methods=[GET]}" onto public java.lang.String com.example.web.controller.searchking.LoginController.getLogout(javax.servlet.http.HttpSession) 
2018:07:18 09:57:52.107 INFO  --- [restartedMain] o.s.w.s.m.m.a.RequestMappingHandlerMapping : Mapped "{[/login],methods=[POST]}" onto public java.lang.String com.example.web.controller.searchking.LoginController.postLogin(com.example.login.dto.Login,org.springframework.ui.Model,javax.servlet.http.HttpSession) 
2018:07:18 09:57:52.108 INFO  --- [restartedMain] o.s.w.s.m.m.a.RequestMappingHandlerMapping : Mapped "{[/login],methods=[GET]}" onto public java.lang.String com.example.web.controller.searchking.LoginController.showLoginForm() 
2018:07:18 09:57:52.110 INFO  --- [restartedMain] o.s.w.s.m.m.a.RequestMappingHandlerMapping : Mapped "{[/users/enroll],methods=[POST]}" onto public java.lang.String com.example.web.controller.searchking.UserController.postUser(com.example.user.model.User,org.springframework.ui.Model,javax.servlet.http.HttpSession,org.springframework.web.servlet.mvc.support.RedirectAttributes) 
2018:07:18 09:57:52.110 INFO  --- [restartedMain] o.s.w.s.m.m.a.RequestMappingHandlerMapping : Mapped "{[/users],methods=[GET]}" onto public java.lang.Object com.example.web.controller.searchking.UserController.getUsersView() 
2018:07:18 09:57:52.114 INFO  --- [restartedMain] o.s.w.s.m.m.a.RequestMappingHandlerMapping : Mapped "{[/error]}" onto public org.springframework.http.ResponseEntity<java.util.Map<java.lang.String, java.lang.Object>> org.springframework.boot.autoconfigure.web.BasicErrorController.error(javax.servlet.http.HttpServletRequest) 
2018:07:18 09:57:52.114 INFO  --- [restartedMain] o.s.w.s.m.m.a.RequestMappingHandlerMapping : Mapped "{[/error],produces=[text/html]}" onto public org.springframework.web.servlet.ModelAndView org.springframework.boot.autoconfigure.web.BasicErrorController.errorHtml(javax.servlet.http.HttpServletRequest,javax.servlet.http.HttpServletResponse) 
2018:07:18 09:57:52.146 INFO  --- [restartedMain] o.s.w.s.h.SimpleUrlHandlerMapping : Mapped URL path [/princess/girlCrush2/girlCrush2/YOLOtour/src/main/resources/static/img/**] onto handler of type [class org.springframework.web.servlet.resource.ResourceHttpRequestHandler] 
2018:07:18 09:57:52.147 INFO  --- [restartedMain] o.s.w.s.h.SimpleUrlHandlerMapping : Mapped URL path [/webjars/**] onto handler of type [class org.springframework.web.servlet.resource.ResourceHttpRequestHandler] 
2018:07:18 09:57:52.147 INFO  --- [restartedMain] o.s.w.s.h.SimpleUrlHandlerMapping : Mapped URL path [/**] onto handler of type [class org.springframework.web.servlet.resource.ResourceHttpRequestHandler] 
2018:07:18 09:57:52.183 INFO  --- [restartedMain] o.s.w.s.h.SimpleUrlHandlerMapping : Mapped URL path [/**/favicon.ico] onto handler of type [class org.springframework.web.servlet.resource.ResourceHttpRequestHandler] 
2018:07:18 09:57:52.484 INFO  --- [restartedMain] o.s.b.d.a.OptionalLiveReloadServer : LiveReload server is running on port 35729 
2018:07:18 09:57:52.550 INFO  --- [restartedMain] o.s.j.e.a.AnnotationMBeanExporter : Registering beans for JMX exposure on startup 
2018:07:18 09:57:52.610 INFO  --- [restartedMain] o.s.b.c.e.t.TomcatEmbeddedServletContainer : Tomcat started on port(s): 8080 (http) 
2018:07:18 09:57:52.615 INFO  --- [restartedMain] com.example.Application : Started Application in 3.528 seconds (JVM running for 4.832) 
2018:07:18 09:58:24.111 INFO  --- [http-nio-8080-exec-1] o.a.c.c.C.[Tomcat].[localhost].[/] : Initializing Spring FrameworkServlet 'dispatcherServlet' 
2018:07:18 09:58:24.112 INFO  --- [http-nio-8080-exec-1] o.s.web.servlet.DispatcherServlet : FrameworkServlet 'dispatcherServlet': initialization started 
2018:07:18 09:58:24.133 INFO  --- [http-nio-8080-exec-1] o.s.web.servlet.DispatcherServlet : FrameworkServlet 'dispatcherServlet': initialization completed in 21 ms 
2018:07:18 09:58:28.181 INFO  --- [http-nio-8080-exec-2] jdbc.resultsettable : 
|-----|----------|----|----------------|---------------|-----------------------------|----------------------|----------|--------|---------|
|rnum |travel_id |key |writer          |title          |content                      |reg_date              |hit_count |price   |img_id   |
|-----|----------|----|----------------|---------------|-----------------------------|----------------------|----------|--------|---------|
|1    |24        |1   |admin@gmail.com |제주도            |떠나요 제주도~                     |2018-07-16 18:46:42.0 |0         |1000000 |dddd.jpg |
|2    |23        |2   |admin@gmail.com |뉴질랜드           |dd                           |2018-07-16 18:45:09.0 |0         |600000  |0        |
|3    |21        |0   |admin@gmail.com |1000000,제주도 특가 |ppaaaaaaaaaaaaaaaaaaaaaaaaaa |2018-07-16 18:29:51.0 |0         |0       |0        |
|4    |4         |2   |admin@gmail.com |T3             |C3                           |2018-07-13 16:48:04.0 |0         |0       |3.jpg    |
|5    |3         |2   |admin@gmail.com |T2             |C2                           |2018-07-13 16:48:04.0 |0         |0       |2.jpg    |
|6    |2         |1   |admin@gmail.com |하와이            |훌라훌라                         |2018-07-13 16:48:04.0 |0         |500000  |1.jpg    |
|7    |1         |1   |admin@gmail.com |히말라야           |엄홍길과 함께 떠나는 히말라야             |2018-07-13 16:48:07.0 |0         |300000  |0.jpg    |
|-----|----------|----|----------------|---------------|-----------------------------|----------------------|----------|--------|---------|
 
2018:07:18 09:58:28.186 INFO  --- [http-nio-8080-exec-2] jdbc.resultsettable : 
|---------|
|count(*) |
|---------|
|7        |
|---------|
 
2018:07:18 09:58:28.193 INFO  --- [http-nio-8080-exec-2] jdbc.resultsettable : 
|----------|----|----------------|------|-----------------|----------------------|----------|--------|---------|
|travel_id |key |writer          |title |content          |reg_date              |hit_count |price   |img_id   |
|----------|----|----------------|------|-----------------|----------------------|----------|--------|---------|
|24        |1   |admin@gmail.com |제주도   |떠나요 제주도~         |2018-07-16 18:46:42.0 |0         |1000000 |dddd.jpg |
|2         |1   |admin@gmail.com |하와이   |훌라훌라             |2018-07-13 16:48:04.0 |0         |500000  |1.jpg    |
|1         |1   |admin@gmail.com |히말라야  |엄홍길과 함께 떠나는 히말라야 |2018-07-13 16:48:07.0 |0         |300000  |0.jpg    |
|----------|----|----------------|------|-----------------|----------------------|----------|--------|---------|
 
2018:07:18 09:58:28.199 INFO  --- [http-nio-8080-exec-2] jdbc.resultsettable : 
|----------|----|----------------|------|--------|----------------------|----------|-------|-------|
|travel_id |key |writer          |title |content |reg_date              |hit_count |price  |img_id |
|----------|----|----------------|------|--------|----------------------|----------|-------|-------|
|23        |2   |admin@gmail.com |뉴질랜드  |dd      |2018-07-16 18:45:09.0 |0         |600000 |0      |
|4         |2   |admin@gmail.com |T3    |C3      |2018-07-13 16:48:04.0 |0         |0      |3.jpg  |
|3         |2   |admin@gmail.com |T2    |C2      |2018-07-13 16:48:04.0 |0         |0      |2.jpg  |
|----------|----|----------------|------|--------|----------------------|----------|-------|-------|
 
2018:07:18 09:58:37.140 INFO  --- [http-nio-8080-exec-9] jdbc.resultsettable : 
|--------|----------------|---------|
|user_id |email           |password |
|--------|----------------|---------|
|5       |admin@gmail.com |admin    |
|--------|----------------|---------|
 
2018:07:18 09:58:38.483 INFO  --- [http-nio-8080-exec-7] jdbc.resultsettable : 
|-----|----------|----|----------------|---------------|-----------------------------|----------------------|----------|--------|---------|
|rnum |travel_id |key |writer          |title          |content                      |reg_date              |hit_count |price   |img_id   |
|-----|----------|----|----------------|---------------|-----------------------------|----------------------|----------|--------|---------|
|1    |24        |1   |admin@gmail.com |제주도            |떠나요 제주도~                     |2018-07-16 18:46:42.0 |0         |1000000 |dddd.jpg |
|2    |23        |2   |admin@gmail.com |뉴질랜드           |dd                           |2018-07-16 18:45:09.0 |0         |600000  |0        |
|3    |21        |0   |admin@gmail.com |1000000,제주도 특가 |ppaaaaaaaaaaaaaaaaaaaaaaaaaa |2018-07-16 18:29:51.0 |0         |0       |0        |
|4    |4         |2   |admin@gmail.com |T3             |C3                           |2018-07-13 16:48:04.0 |0         |0       |3.jpg    |
|5    |3         |2   |admin@gmail.com |T2             |C2                           |2018-07-13 16:48:04.0 |0         |0       |2.jpg    |
|6    |2         |1   |admin@gmail.com |하와이            |훌라훌라                         |2018-07-13 16:48:04.0 |0         |500000  |1.jpg    |
|7    |1         |1   |admin@gmail.com |히말라야           |엄홍길과 함께 떠나는 히말라야             |2018-07-13 16:48:07.0 |0         |300000  |0.jpg    |
|-----|----------|----|----------------|---------------|-----------------------------|----------------------|----------|--------|---------|
 
2018:07:18 09:58:38.486 INFO  --- [http-nio-8080-exec-7] jdbc.resultsettable : 
|---------|
|count(*) |
|---------|
|7        |
|---------|
 
2018:07:18 09:58:38.491 INFO  --- [http-nio-8080-exec-7] jdbc.resultsettable : 
|----------|----|----------------|------|-----------------|----------------------|----------|--------|---------|
|travel_id |key |writer          |title |content          |reg_date              |hit_count |price   |img_id   |
|----------|----|----------------|------|-----------------|----------------------|----------|--------|---------|
|24        |1   |admin@gmail.com |제주도   |떠나요 제주도~         |2018-07-16 18:46:42.0 |0         |1000000 |dddd.jpg |
|2         |1   |admin@gmail.com |하와이   |훌라훌라             |2018-07-13 16:48:04.0 |0         |500000  |1.jpg    |
|1         |1   |admin@gmail.com |히말라야  |엄홍길과 함께 떠나는 히말라야 |2018-07-13 16:48:07.0 |0         |300000  |0.jpg    |
|----------|----|----------------|------|-----------------|----------------------|----------|--------|---------|
 
2018:07:18 09:58:38.496 INFO  --- [http-nio-8080-exec-7] jdbc.resultsettable : 
|----------|----|----------------|------|--------|----------------------|----------|-------|-------|
|travel_id |key |writer          |title |content |reg_date              |hit_count |price  |img_id |
|----------|----|----------------|------|--------|----------------------|----------|-------|-------|
|23        |2   |admin@gmail.com |뉴질랜드  |dd      |2018-07-16 18:45:09.0 |0         |600000 |0      |
|4         |2   |admin@gmail.com |T3    |C3      |2018-07-13 16:48:04.0 |0         |0      |3.jpg  |
|3         |2   |admin@gmail.com |T2    |C2      |2018-07-13 16:48:04.0 |0         |0      |2.jpg  |
|----------|----|----------------|------|--------|----------------------|----------|-------|-------|
 
2018:07:18 09:58:39.330 INFO  --- [http-nio-8080-exec-4] jdbc.resultsettable : 
|----------|----|----------------|------|---------|----------------------|----------|--------|---------|
|travel_id |key |writer          |title |content  |reg_date              |hit_count |price   |img_id   |
|----------|----|----------------|------|---------|----------------------|----------|--------|---------|
|24        |1   |admin@gmail.com |제주도   |떠나요 제주도~ |2018-07-16 18:46:42.0 |0         |1000000 |dddd.jpg |
|----------|----|----------------|------|---------|----------------------|----------|--------|---------|
 
2018:07:18 09:58:41.071 INFO  --- [http-nio-8080-exec-1] jdbc.resultsettable : 
|----------|----|----------------|------|---------|----------------------|----------|--------|---------|
|travel_id |key |writer          |title |content  |reg_date              |hit_count |price   |img_id   |
|----------|----|----------------|------|---------|----------------------|----------|--------|---------|
|24        |1   |admin@gmail.com |제주도   |떠나요 제주도~ |2018-07-16 18:46:42.0 |0         |1000000 |dddd.jpg |
|----------|----|----------------|------|---------|----------------------|----------|--------|---------|
 
2018:07:18 09:58:47.818 INFO  --- [http-nio-8080-exec-9] jdbc.resultsettable : 
|----------|----|----------------|------|---------|----------------------|----------|--------|---------|
|travel_id |key |writer          |title |content  |reg_date              |hit_count |price   |img_id   |
|----------|----|----------------|------|---------|----------------------|----------|--------|---------|
|24        |1   |admin@gmail.com |제주도   |떠나요 제주도~ |2018-07-16 18:46:42.0 |0         |1000000 |dddd.jpg |
|----------|----|----------------|------|---------|----------------------|----------|--------|---------|
 
2018:07:18 09:58:47.835 INFO  --- [http-nio-8080-exec-10] jdbc.resultsettable : 
|-----|----------|----|----------------|---------------|-----------------------------|----------------------|----------|--------|---------|
|rnum |travel_id |key |writer          |title          |content                      |reg_date              |hit_count |price   |img_id   |
|-----|----------|----|----------------|---------------|-----------------------------|----------------------|----------|--------|---------|
|1    |24        |1   |admin@gmail.com |제주도            |떠나요 제주도~                     |2018-07-16 18:46:42.0 |0         |1000000 |Jeju.jpg |
|2    |23        |2   |admin@gmail.com |뉴질랜드           |dd                           |2018-07-16 18:45:09.0 |0         |600000  |0        |
|3    |21        |0   |admin@gmail.com |1000000,제주도 특가 |ppaaaaaaaaaaaaaaaaaaaaaaaaaa |2018-07-16 18:29:51.0 |0         |0       |0        |
|4    |4         |2   |admin@gmail.com |T3             |C3                           |2018-07-13 16:48:04.0 |0         |0       |3.jpg    |
|5    |3         |2   |admin@gmail.com |T2             |C2                           |2018-07-13 16:48:04.0 |0         |0       |2.jpg    |
|6    |2         |1   |admin@gmail.com |하와이            |훌라훌라                         |2018-07-13 16:48:04.0 |0         |500000  |1.jpg    |
|7    |1         |1   |admin@gmail.com |히말라야           |엄홍길과 함께 떠나는 히말라야             |2018-07-13 16:48:07.0 |0         |300000  |0.jpg    |
|-----|----------|----|----------------|---------------|-----------------------------|----------------------|----------|--------|---------|
 
2018:07:18 09:58:47.837 INFO  --- [http-nio-8080-exec-10] jdbc.resultsettable : 
|---------|
|count(*) |
|---------|
|7        |
|---------|
 
2018:07:18 09:58:47.843 INFO  --- [http-nio-8080-exec-10] jdbc.resultsettable : 
|----------|----|----------------|------|-----------------|----------------------|----------|--------|---------|
|travel_id |key |writer          |title |content          |reg_date              |hit_count |price   |img_id   |
|----------|----|----------------|------|-----------------|----------------------|----------|--------|---------|
|24        |1   |admin@gmail.com |제주도   |떠나요 제주도~         |2018-07-16 18:46:42.0 |0         |1000000 |Jeju.jpg |
|2         |1   |admin@gmail.com |하와이   |훌라훌라             |2018-07-13 16:48:04.0 |0         |500000  |1.jpg    |
|1         |1   |admin@gmail.com |히말라야  |엄홍길과 함께 떠나는 히말라야 |2018-07-13 16:48:07.0 |0         |300000  |0.jpg    |
|----------|----|----------------|------|-----------------|----------------------|----------|--------|---------|
 
2018:07:18 09:58:47.848 INFO  --- [http-nio-8080-exec-10] jdbc.resultsettable : 
|----------|----|----------------|------|--------|----------------------|----------|-------|-------|
|travel_id |key |writer          |title |content |reg_date              |hit_count |price  |img_id |
|----------|----|----------------|------|--------|----------------------|----------|-------|-------|
|23        |2   |admin@gmail.com |뉴질랜드  |dd      |2018-07-16 18:45:09.0 |0         |600000 |0      |
|4         |2   |admin@gmail.com |T3    |C3      |2018-07-13 16:48:04.0 |0         |0      |3.jpg  |
|3         |2   |admin@gmail.com |T2    |C2      |2018-07-13 16:48:04.0 |0         |0      |2.jpg  |
|----------|----|----------------|------|--------|----------------------|----------|-------|-------|
 
2018:07:18 10:02:31.146 INFO  --- [RMI TCP Connection(2)-127.0.0.1] o.s.b.a.SpringApplicationAdminMXBeanRegistrar$SpringApplicationAdmin : Application shutdown requested. 
2018:07:18 10:02:31.147 INFO  --- [RMI TCP Connection(2)-127.0.0.1] o.s.b.c.e.AnnotationConfigEmbeddedWebApplicationContext : Closing org.springframework.boot.context.embedded.AnnotationConfigEmbeddedWebApplicationContext@580a33c5: startup date [Wed Jul 18 09:57:49 KST 2018]; root of context hierarchy 
2018:07:18 10:02:31.150 INFO  --- [RMI TCP Connection(2)-127.0.0.1] o.s.j.e.a.AnnotationMBeanExporter : Unregistering JMX-exposed beans on shutdown 
