2018:07:19 12:01:08.755 INFO  --- [main] com.example.Application : Starting Application on DESKTOP-HLQF9U2 with PID 4408 (D:\princess\girlCrush2\girlCrush2\YOLOtour\target\classes started by TopCreduD6 in D:\princess\girlCrush2\girlCrush2\YOLOtour) 
2018:07:19 12:01:08.761 INFO  --- [main] com.example.Application : No active profile set, falling back to default profiles: default 
2018:07:19 12:01:08.806 INFO  --- [main] o.s.b.c.e.AnnotationConfigEmbeddedWebApplicationContext : Refreshing org.springframework.boot.context.embedded.AnnotationConfigEmbeddedWebApplicationContext@794cb805: startup date [Thu Jul 19 12:01:08 KST 2018]; root of context hierarchy 
2018:07:19 12:01:10.077 INFO  --- [main] o.s.b.c.e.t.TomcatEmbeddedServletContainer : Tomcat initialized with port(s): 8080 (http) 
2018:07:19 12:01:10.109 INFO  --- [main] o.a.catalina.core.StandardService : Starting service [Tomcat] 
2018:07:19 12:01:10.110 INFO  --- [main] o.a.catalina.core.StandardEngine : Starting Servlet Engine: Apache Tomcat/8.5.31 
2018:07:19 12:01:10.413 INFO  --- [localhost-startStop-1] o.apache.jasper.servlet.TldScanner : At least one JAR was scanned for TLDs yet contained no TLDs. Enable debug logging for this logger for a complete list of JARs that were scanned but no TLDs were found in them. Skipping unneeded JARs during scanning can improve startup time and JSP compilation time. 
2018:07:19 12:01:10.418 INFO  --- [localhost-startStop-1] o.a.c.c.C.[Tomcat].[localhost].[/] : Initializing Spring embedded WebApplicationContext 
2018:07:19 12:01:10.419 INFO  --- [localhost-startStop-1] o.s.web.context.ContextLoader : Root WebApplicationContext: initialization completed in 1613 ms 
2018:07:19 12:01:10.570 INFO  --- [localhost-startStop-1] o.s.b.w.s.ServletRegistrationBean : Mapping servlet: 'dispatcherServlet' to [/] 
2018:07:19 12:01:10.573 INFO  --- [localhost-startStop-1] o.s.b.w.s.FilterRegistrationBean : Mapping filter: 'characterEncodingFilter' to: [/*] 
2018:07:19 12:01:10.574 INFO  --- [localhost-startStop-1] o.s.b.w.s.FilterRegistrationBean : Mapping filter: 'hiddenHttpMethodFilter' to: [/*] 
2018:07:19 12:01:10.575 INFO  --- [localhost-startStop-1] o.s.b.w.s.FilterRegistrationBean : Mapping filter: 'httpPutFormContentFilter' to: [/*] 
2018:07:19 12:01:10.575 INFO  --- [localhost-startStop-1] o.s.b.w.s.FilterRegistrationBean : Mapping filter: 'requestContextFilter' to: [/*] 
2018:07:19 12:01:11.321 INFO  --- [main] o.s.w.s.m.m.a.RequestMappingHandlerAdapter : Looking for @ControllerAdvice: org.springframework.boot.context.embedded.AnnotationConfigEmbeddedWebApplicationContext@794cb805: startup date [Thu Jul 19 12:01:08 KST 2018]; root of context hierarchy 
2018:07:19 12:01:11.376 INFO  --- [main] o.s.w.s.m.m.a.RequestMappingHandlerMapping : Mapped "{[/mypage],methods=[GET]}" onto public org.springframework.web.servlet.ModelAndView com.example.web.controller.captain.MyPageController.getMypageView(int,int,int,java.lang.String,javax.servlet.http.HttpSession,org.springframework.ui.Model) 
2018:07:19 12:01:11.378 INFO  --- [main] o.s.w.s.m.m.a.RequestMappingHandlerMapping : Mapped "{[/mypage/delete/{travelId}],methods=[GET]}" onto public java.lang.String com.example.web.controller.captain.MyPageController.getDelete(long,javax.servlet.http.HttpSession,org.springframework.ui.Model) 
2018:07:19 12:01:11.382 INFO  --- [main] o.s.w.s.m.m.a.RequestMappingHandlerMapping : Mapped "{[/notices/delete/{noticeId}],methods=[GET]}" onto public java.lang.String com.example.web.controller.captain.NoticeController.getDelete(long,javax.servlet.http.HttpSession,org.springframework.ui.Model) 
2018:07:19 12:01:11.383 INFO  --- [main] o.s.w.s.m.m.a.RequestMappingHandlerMapping : Mapped "{[/notices/view/{noticeId}],methods=[GET]}" onto public java.lang.String com.example.web.controller.captain.NoticeController.getNoticeView(long,javax.servlet.http.HttpSession,org.springframework.ui.Model) 
2018:07:19 12:01:11.384 INFO  --- [main] o.s.w.s.m.m.a.RequestMappingHandlerMapping : Mapped "{[/notices/update],methods=[POST]}" onto public java.lang.String com.example.web.controller.captain.NoticeController.postUpdate(com.example.noticeboard.model.Notice,javax.servlet.http.HttpSession,org.springframework.ui.Model) 
2018:07:19 12:01:11.385 INFO  --- [main] o.s.w.s.m.m.a.RequestMappingHandlerMapping : Mapped "{[/notices/update/{noticeId}],methods=[GET]}" onto public java.lang.String com.example.web.controller.captain.NoticeController.getUpdateView(long,javax.servlet.http.HttpSession,org.springframework.ui.Model) 
2018:07:19 12:01:11.386 INFO  --- [main] o.s.w.s.m.m.a.RequestMappingHandlerMapping : Mapped "{[/notices/write],methods=[POST]}" onto public java.lang.String com.example.web.controller.captain.NoticeController.postInsert(com.example.noticeboard.model.Notice,javax.servlet.http.HttpSession,org.springframework.ui.Model) 
2018:07:19 12:01:11.386 INFO  --- [main] o.s.w.s.m.m.a.RequestMappingHandlerMapping : Mapped "{[/notices],methods=[GET]}" onto public org.springframework.web.servlet.ModelAndView com.example.web.controller.captain.NoticeController.getNoticesView(int,int,int) 
2018:07:19 12:01:11.387 INFO  --- [main] o.s.w.s.m.m.a.RequestMappingHandlerMapping : Mapped "{[/notices/write],methods=[GET]}" onto public java.lang.String com.example.web.controller.captain.NoticeController.getInsertView(javax.servlet.http.HttpSession,org.springframework.ui.Model) 
2018:07:19 12:01:11.388 INFO  --- [main] o.s.w.s.m.m.a.RequestMappingHandlerMapping : Mapped "{[/],methods=[GET]}" onto public java.lang.String com.example.web.controller.HomeController.getHomeView() 
2018:07:19 12:01:11.390 INFO  --- [main] o.s.w.s.m.m.a.RequestMappingHandlerMapping : Mapped "{[/payment/{travelId}],methods=[GET]}" onto public org.springframework.web.servlet.ModelAndView com.example.web.controller.marketing.PaymentController.getMypageView(long,java.lang.String,javax.servlet.http.HttpSession,org.springframework.ui.Model) 
2018:07:19 12:01:11.390 INFO  --- [main] o.s.w.s.m.m.a.RequestMappingHandlerMapping : Mapped "{[/payment/{travelId}/addPaycart],methods=[POST]}" onto public java.lang.String com.example.web.controller.marketing.PaymentController.postInsert(long,com.example.payment.model.Payment,javax.servlet.http.HttpSession,org.springframework.ui.Model) 
2018:07:19 12:01:11.391 INFO  --- [main] o.s.w.s.m.m.a.RequestMappingHandlerMapping : Mapped "{[/payment/{travelId}/addPaycart],methods=[GET]}" onto public java.lang.String com.example.web.controller.marketing.PaymentController.getInsertView(long,javax.servlet.http.HttpSession,org.springframework.ui.Model) 
2018:07:19 12:01:11.397 INFO  --- [main] o.s.w.s.m.m.a.RequestMappingHandlerMapping : Mapped "{[/travelboards/delete/{travelId}],methods=[GET]}" onto public java.lang.String com.example.web.controller.marketing.TravelController.getDelete(long,javax.servlet.http.HttpSession,org.springframework.ui.Model) 
2018:07:19 12:01:11.398 INFO  --- [main] o.s.w.s.m.m.a.RequestMappingHandlerMapping : Mapped "{[/travelboards],methods=[GET]}" onto public org.springframework.web.servlet.ModelAndView com.example.web.controller.marketing.TravelController.getTravelView(int,int,int,javax.servlet.http.HttpSession,org.springframework.ui.Model) 
2018:07:19 12:01:11.399 INFO  --- [main] o.s.w.s.m.m.a.RequestMappingHandlerMapping : Mapped "{[/travelboards/update/{travelId}],methods=[POST]}" onto public java.lang.String com.example.web.controller.marketing.TravelController.postUpdate(org.springframework.web.multipart.MultipartFile,org.springframework.web.servlet.mvc.support.RedirectAttributes,com.example.travelboard.model.Travel,javax.servlet.http.HttpSession,org.springframework.ui.Model,long) 
2018:07:19 12:01:11.400 INFO  --- [main] o.s.w.s.m.m.a.RequestMappingHandlerMapping : Mapped "{[/travelboards/update/{travelId}],methods=[GET]}" onto public java.lang.String com.example.web.controller.marketing.TravelController.getUpdateView(long,javax.servlet.http.HttpSession,org.springframework.ui.Model) 
2018:07:19 12:01:11.401 INFO  --- [main] o.s.w.s.m.m.a.RequestMappingHandlerMapping : Mapped "{[/travelboards/write],methods=[POST]}" onto public java.lang.String com.example.web.controller.marketing.TravelController.postInsert(org.springframework.web.multipart.MultipartFile,org.springframework.web.servlet.mvc.support.RedirectAttributes,com.example.travelboard.model.Travel,javax.servlet.http.HttpSession,org.springframework.ui.Model) 
2018:07:19 12:01:11.402 INFO  --- [main] o.s.w.s.m.m.a.RequestMappingHandlerMapping : Mapped "{[/travelboards/write],methods=[GET]}" onto public java.lang.String com.example.web.controller.marketing.TravelController.getInsertView(javax.servlet.http.HttpSession,org.springframework.ui.Model) 
2018:07:19 12:01:11.403 INFO  --- [main] o.s.w.s.m.m.a.RequestMappingHandlerMapping : Mapped "{[/travelboards/view/addcart/{travelId}],methods=[GET]}" onto public java.lang.String com.example.web.controller.marketing.TravelController.getAddCart(long,javax.servlet.http.HttpSession,org.springframework.ui.Model) 
2018:07:19 12:01:11.404 INFO  --- [main] o.s.w.s.m.m.a.RequestMappingHandlerMapping : Mapped "{[/travelboards/view/addcart/{travelId}],methods=[POST]}" onto public java.lang.String com.example.web.controller.marketing.TravelController.postAddCart(long,javax.servlet.http.HttpSession,org.springframework.ui.Model) 
2018:07:19 12:01:11.405 INFO  --- [main] o.s.w.s.m.m.a.RequestMappingHandlerMapping : Mapped "{[/travelboards/view/{travelId}],methods=[GET]}" onto public java.lang.String com.example.web.controller.marketing.TravelController.getDomesticTravelView(long,javax.servlet.http.HttpSession,org.springframework.ui.Model) 
2018:07:19 12:01:11.407 INFO  --- [main] o.s.w.s.m.m.a.RequestMappingHandlerMapping : Mapped "{[/login],methods=[POST]}" onto public java.lang.String com.example.web.controller.searchking.LoginController.postLogin(com.example.login.dto.Login,org.springframework.ui.Model,javax.servlet.http.HttpSession) 
2018:07:19 12:01:11.408 INFO  --- [main] o.s.w.s.m.m.a.RequestMappingHandlerMapping : Mapped "{[/logout],methods=[GET]}" onto public java.lang.String com.example.web.controller.searchking.LoginController.getLogout(javax.servlet.http.HttpSession) 
2018:07:19 12:01:11.408 INFO  --- [main] o.s.w.s.m.m.a.RequestMappingHandlerMapping : Mapped "{[/login],methods=[GET]}" onto public java.lang.String com.example.web.controller.searchking.LoginController.showLoginForm() 
2018:07:19 12:01:11.410 INFO  --- [main] o.s.w.s.m.m.a.RequestMappingHandlerMapping : Mapped "{[/users/enroll],methods=[POST]}" onto public java.lang.String com.example.web.controller.searchking.UserController.postUser(com.example.user.model.User,org.springframework.ui.Model,javax.servlet.http.HttpSession,org.springframework.web.servlet.mvc.support.RedirectAttributes) 
2018:07:19 12:01:11.411 INFO  --- [main] o.s.w.s.m.m.a.RequestMappingHandlerMapping : Mapped "{[/users],methods=[GET]}" onto public java.lang.Object com.example.web.controller.searchking.UserController.getUsersView() 
2018:07:19 12:01:11.414 INFO  --- [main] o.s.w.s.m.m.a.RequestMappingHandlerMapping : Mapped "{[/error]}" onto public org.springframework.http.ResponseEntity<java.util.Map<java.lang.String, java.lang.Object>> org.springframework.boot.autoconfigure.web.BasicErrorController.error(javax.servlet.http.HttpServletRequest) 
2018:07:19 12:01:11.414 INFO  --- [main] o.s.w.s.m.m.a.RequestMappingHandlerMapping : Mapped "{[/error],produces=[text/html]}" onto public org.springframework.web.servlet.ModelAndView org.springframework.boot.autoconfigure.web.BasicErrorController.errorHtml(javax.servlet.http.HttpServletRequest,javax.servlet.http.HttpServletResponse) 
2018:07:19 12:01:11.450 INFO  --- [main] o.s.w.s.h.SimpleUrlHandlerMapping : Mapped URL path [/princess/girlCrush2/girlCrush2/YOLOtour/src/main/resources/static/img/**] onto handler of type [class org.springframework.web.servlet.resource.ResourceHttpRequestHandler] 
2018:07:19 12:01:11.451 INFO  --- [main] o.s.w.s.h.SimpleUrlHandlerMapping : Mapped URL path [/webjars/**] onto handler of type [class org.springframework.web.servlet.resource.ResourceHttpRequestHandler] 
2018:07:19 12:01:11.451 INFO  --- [main] o.s.w.s.h.SimpleUrlHandlerMapping : Mapped URL path [/**] onto handler of type [class org.springframework.web.servlet.resource.ResourceHttpRequestHandler] 
2018:07:19 12:01:11.491 INFO  --- [main] o.s.w.s.h.SimpleUrlHandlerMapping : Mapped URL path [/**/favicon.ico] onto handler of type [class org.springframework.web.servlet.resource.ResourceHttpRequestHandler] 
2018:07:19 12:01:11.744 INFO  --- [main] o.s.j.e.a.AnnotationMBeanExporter : Registering beans for JMX exposure on startup 
2018:07:19 12:01:11.805 INFO  --- [main] o.s.b.c.e.t.TomcatEmbeddedServletContainer : Tomcat started on port(s): 8080 (http) 
2018:07:19 12:01:11.809 INFO  --- [main] com.example.Application : Started Application in 3.402 seconds (JVM running for 4.545) 
2018:07:19 12:02:32.195 INFO  --- [http-nio-8080-exec-1] o.a.c.c.C.[Tomcat].[localhost].[/] : Initializing Spring FrameworkServlet 'dispatcherServlet' 
2018:07:19 12:02:32.195 INFO  --- [http-nio-8080-exec-1] o.s.web.servlet.DispatcherServlet : FrameworkServlet 'dispatcherServlet': initialization started 
2018:07:19 12:02:32.216 INFO  --- [http-nio-8080-exec-1] o.s.web.servlet.DispatcherServlet : FrameworkServlet 'dispatcherServlet': initialization completed in 20 ms 
2018:07:19 12:02:35.675 INFO  --- [http-nio-8080-exec-9] jdbc.resultsettable : 
|-----|----------|----|----------------|-------------------|-------------------------------------------------------------------------------------------------------------------------------------------------------------------------------------------------------------------------------------|----------------------|----------|--------|--------------|
|rnum |travel_id |key |writer          |title              |content                                                                                                                                                                                                                              |reg_date              |hit_count |price   |img_id        |
|-----|----------|----|----------------|-------------------|-------------------------------------------------------------------------------------------------------------------------------------------------------------------------------------------------------------------------------------|----------------------|----------|--------|--------------|
|1    |40        |2   |admin@gmail.com |북경&고북수진            |안녕하세요. 욜로투어입니다.

2016년 7월 하나투어 고객님께 추천하는 여행지는 “우리 가족 여행 놀이터, 북경 & 고북수진" 입니다.

북경의 역사, 문화의 자연을 한 번에 느끼고 싶다면, 소소한 체험 거리와 함께 편안한 힐링의 시간을 원한다면, 무엇보다 새로운 북경을 만나고 싶다면 ‘고북수진’을 주목하세요!
올여름 아이들과 함께 가족 여행을 계획하는 분,북경 재방문 고객에게 강력 추천합니다. |2018-07-19 11:54:56.0 |0         |3000000 |buk.jpg       |
|2    |39        |1   |admin@gmail.com |충주 문성자연휴양림 휴식      |산책하기 좋은 중앙 탑 공원 산책과 충주박물관 둘러보기
        -우리나라의 정 중앙에 위치한 국보 제6호, 유일한 7층 석탑 
        -충주의 역사를 한눈에 알아 볼 수 있는 충주박물관 관람                                                                                                                 |2018-07-19 11:00:30.0 |0         |19900   |[null]        |
|3    |38        |1   |admin@gmail.com |홍천 수타사 산소길 산책      |빼어난 계곡미와 울창한 숲길 홍천 수타사 산소길 산책
        -한국 100대 명산인 공작산에 자리한 천년고찰 수타사 
        -울창한 숲길과 계곡을 따라 여유롭게 산소길 산책하기                                                                                                                        |2018-07-19 11:00:05.0 |0         |22900   |hongchone.jpg |
|4    |37        |1   |admin@gmail.com |정선 더덕 체험           |한국의 그랜드캐니언이라 불리는 스카이워크 전망대 관람
        -한반도 모양으로 동강 물줄기가 흐르는 비경 감상
        -해발 583m의 절벽 끝에 투명한 바닥을 걷는 짜릿함!                                                                                                                          |2018-07-19 10:59:33.0 |0         |29900   |jungsun.jpg   |
|5    |36        |1   |admin@gmail.com |백두대간 협곡열차          |천혜의 자연경관을 달리는 백두대간 협곡열차 탑승
- 좁디좁은 협곡 사이로 아래로는 절벽, 위로는 바위산이 보이는 창밖 풍경을

                    자연 그대로 오감으로 느끼는, 여행을 넘어선 힐링여행
                 - 철암 → 분천 구간 백두대간 협곡열차 V-train 이용

                                                  |2018-07-19 10:59:03.0 |0         |85000   |backdu.jpg    |
|6    |35        |1   |admin@gmail.com |금산 출렁다리            |원주 핫 플레이스 소금산 출렁다리+스카이워크 전망대 관람
                 - 국내 최장 거리의 출렁다리 위에서 아름다운 절경 
                 - 자유중식                                                                                                                             |2018-07-19 10:58:15.0 |0         |50000   |kumsan.jpg    |
|7    |34        |1   |admin@gmail.com |즐거운 인천여행! 영종레일바이크  |서해바다를 조망하며 신나게 레일바이크 탑승(왕복 5.6km구간)
        -서울에서 가장 가깝게 레저를 즐길 수 있는 레일바이크 장소
        -사랑하는 사람과 함께 즐거운 추억을 만들기 좋습니다.                                                                                                               |2018-07-19 10:56:17.0 |0         |27900   |inchone.jpg   |
|8    |33        |1   |admin@gmail.com |강릉 안목해변 바캉스        |커피향이 어우러진 안목 해수욕장 바캉스 즐기기  
        -커피숍들이 즐비한 아름다운 안목 해수욕장 바캉스
        -솔 숲길 따라 걸어볼 수 있는 강릉 바우길 산책하기
        -사랑하는 사람과 함께 신나는 여름추억을 만드세요.                                                                                        |2018-07-19 10:53:33.0 |0         |19900   |kungrun.jpg   |
|9    |32        |2   |admin@gmail.com |모든것이 이루어지는 두바이     |안녕하세요. 욜로투어입니다.

2016년 9월 하나투어 고객님께 추천하는 여행지는 “상상하는 모든 이 이루어지는 곳" 이라는 슬로건으로 이색적인 중동여행에서 결코 빼놓을 수 없는 두바이를 소개합니다.

사막 사파리, 베두인식 뷔페, 세계 3대 분수 쇼로 꼽히는 웅장한 스케일의 두바이 분수 쇼 등 화려한 이슬람 문화의 향취를 선사하는 인간이 만든 가장 호사스러운 곳 두바이를 추천합니다.         |2018-07-19 10:47:37.0 |0         |3000000 |dubi.JPG      |
|10   |31        |1   |admin@gmail.com |상상체험 서귀포 잠수함 우도 3일 |욜로투어와 함께하는 제주도 패키지 여행!                                                                                                                                                                                                               |2018-07-19 10:44:46.0 |0         |247000  |seogipo.jpg   |
|-----|----------|----|----------------|-------------------|-------------------------------------------------------------------------------------------------------------------------------------------------------------------------------------------------------------------------------------|----------------------|----------|--------|--------------|
 
2018:07:19 12:02:35.679 INFO  --- [http-nio-8080-exec-9] jdbc.resultsettable : 
|---------|
|count(*) |
|---------|
|21       |
|---------|
 
2018:07:19 12:02:35.695 INFO  --- [http-nio-8080-exec-9] jdbc.resultsettable : 
|----------|----|----------------|-------------------|-------------------------------------------------------------------------------------------------------------------------------------------------------------------------------------------------------------------------------------------------------------------------------------------------------------------------------|----------------------|----------|--------|---------------|
|travel_id |key |writer          |title              |content                                                                                                                                                                                                                                                                                                                        |reg_date              |hit_count |price   |img_id         |
|----------|----|----------------|-------------------|-------------------------------------------------------------------------------------------------------------------------------------------------------------------------------------------------------------------------------------------------------------------------------------------------------------------------------|----------------------|----------|--------|---------------|
|39        |1   |admin@gmail.com |충주 문성자연휴양림 휴식      |산책하기 좋은 중앙 탑 공원 산책과 충주박물관 둘러보기
        -우리나라의 정 중앙에 위치한 국보 제6호, 유일한 7층 석탑 
        -충주의 역사를 한눈에 알아 볼 수 있는 충주박물관 관람                                                                                                                                                                                                           |2018-07-19 11:00:30.0 |0         |19900   |[null]         |
|38        |1   |admin@gmail.com |홍천 수타사 산소길 산책      |빼어난 계곡미와 울창한 숲길 홍천 수타사 산소길 산책
        -한국 100대 명산인 공작산에 자리한 천년고찰 수타사 
        -울창한 숲길과 계곡을 따라 여유롭게 산소길 산책하기                                                                                                                                                                                                                  |2018-07-19 11:00:05.0 |0         |22900   |hongchone.jpg  |
|37        |1   |admin@gmail.com |정선 더덕 체험           |한국의 그랜드캐니언이라 불리는 스카이워크 전망대 관람
        -한반도 모양으로 동강 물줄기가 흐르는 비경 감상
        -해발 583m의 절벽 끝에 투명한 바닥을 걷는 짜릿함!                                                                                                                                                                                                                    |2018-07-19 10:59:33.0 |0         |29900   |jungsun.jpg    |
|36        |1   |admin@gmail.com |백두대간 협곡열차          |천혜의 자연경관을 달리는 백두대간 협곡열차 탑승
- 좁디좁은 협곡 사이로 아래로는 절벽, 위로는 바위산이 보이는 창밖 풍경을

                    자연 그대로 오감으로 느끼는, 여행을 넘어선 힐링여행
                 - 철암 → 분천 구간 백두대간 협곡열차 V-train 이용

                                                                                                                                            |2018-07-19 10:59:03.0 |0         |85000   |backdu.jpg     |
|35        |1   |admin@gmail.com |금산 출렁다리            |원주 핫 플레이스 소금산 출렁다리+스카이워크 전망대 관람
                 - 국내 최장 거리의 출렁다리 위에서 아름다운 절경 
                 - 자유중식                                                                                                                                                                                                                       |2018-07-19 10:58:15.0 |0         |50000   |kumsan.jpg     |
|34        |1   |admin@gmail.com |즐거운 인천여행! 영종레일바이크  |서해바다를 조망하며 신나게 레일바이크 탑승(왕복 5.6km구간)
        -서울에서 가장 가깝게 레저를 즐길 수 있는 레일바이크 장소
        -사랑하는 사람과 함께 즐거운 추억을 만들기 좋습니다.                                                                                                                                                                                                         |2018-07-19 10:56:17.0 |0         |27900   |inchone.jpg    |
|33        |1   |admin@gmail.com |강릉 안목해변 바캉스        |커피향이 어우러진 안목 해수욕장 바캉스 즐기기  
        -커피숍들이 즐비한 아름다운 안목 해수욕장 바캉스
        -솔 숲길 따라 걸어볼 수 있는 강릉 바우길 산책하기
        -사랑하는 사람과 함께 신나는 여름추억을 만드세요.                                                                                                                                                                                  |2018-07-19 10:53:33.0 |0         |19900   |kungrun.jpg    |
|31        |1   |admin@gmail.com |상상체험 서귀포 잠수함 우도 3일 |욜로투어와 함께하는 제주도 패키지 여행!                                                                                                                                                                                                                                                                                                         |2018-07-19 10:44:46.0 |0         |247000  |seogipo.jpg    |
|30        |1   |admin@gmail.com |여수로 어서 놀러오세요!      |1박2일 추천 상품                                                                                                                                                                                                                                                                                                                     |2018-07-18 16:55:21.0 |0         |1000000 |Yeosu.jpg      |
|29        |1   |admin@gmail.com |아기자기한 매력이 있는 통영    |그림처럼 아른다운 자연이 펼처진 통영은 이국적인 여행코스로 한국의 나폴리라 불리는데요.
해마다 많은 여행객들이 찾는 국내여행지 추천 목록에서 빠지지 않는 곳이예요.                                                                                                                                                                                                                                   |2018-07-18 16:45:59.0 |0         |22000   |tong.jpg       |
|28        |1   |admin@gmail.com |한국의 나폴리 장호항        |ㄱㄱ                                                                                                                                                                                                                                                                                                                             |2018-07-18 16:41:36.0 |0         |1000000 |Janghohang.jpg |
|27        |1   |admin@gmail.com |장호에서 즐기는 휴가 스노클링   |탁트인 조망~ 목장 산책로따라 스위스 풍경같은~ 이국적인 풍경 감상! 아기자기한 멋이 있는 목장을 배경으로 예쁜 사진도 담아보고, 가까이 서서 양들도 관찰하고, 건초 먹이주기 체험도 해보세요!  영화 <화성으로 간 사나이>, CF <판프린-에프> 촬영지로도 유명합니다~!
                                                                                                                                                                      |2018-07-18 16:38:31.0 |0         |30000   |jangho.jpg     |
|26        |1   |admin@gmail.com |강화루지               |ㅇㅇ                                                                                                                                                                                                                                                                                                                             |2018-07-18 16:38:06.0 |0         |5000    |GangHwa.jpg    |
|24        |1   |admin@gmail.com |제주도                |떠나요 제주도~                                                                                                                                                                                                                                                                                                                       |2018-07-16 18:46:42.0 |0         |1000000 |Jeju.jpg       |
|2         |1   |admin@gmail.com |해운대                |여름엔 역시 바다, 해수욕장!
바다하면 바로 떠오르는 곳이죠!!
무더운 여름이라도
바다로 뛰어들면
더위도 날리고 추억도 쌓고

그래서 저랑 부산 갈 사람?                                                                                                                                                                                                                                   |2018-07-13 16:48:04.0 |0         |300000  |Janghohang.jpg |
|1         |1   |admin@gmail.com |해양관광휴양도시 여수        |한국의 아름다운 길, 100선에 선정된 여수의 대표 관광지 아름다운 오동도!
오동도는 여수에서 뿐만 아니라 국내의 아름다운 길로 선정된 바가 있을 만큼 아름다운 곳이에요~
당일치기 여행으로 여수를 찾는 여행객들에게는 적극 추천하는 관광지!!
여수에 오셨다면 오동도는 들러봐야지 않겠어요?*^0^*
오동도는 사계절 내내 아름다워 봄,여름,가을,겨울 할 것 없이 여행객들에게 많은 사랑을 받고 있습니다.
봄엔 붉은 동백꽃이 만개해 발그레한 볼을 붉히고,
여름엔 싱그러운 푸른잎으로 가득한 대숲 나무사이에서 아름다운 자연의 경치와 시원함을 만끽하실수 있답니다!
 |2018-07-13 16:48:07.0 |0         |3000000 |Yeosu.jpg      |
|----------|----|----------------|-------------------|-------------------------------------------------------------------------------------------------------------------------------------------------------------------------------------------------------------------------------------------------------------------------------------------------------------------------------|----------------------|----------|--------|---------------|
 
2018:07:19 12:02:35.703 INFO  --- [http-nio-8080-exec-9] jdbc.resultsettable : 
|----------|----|----------------|---------------|-------------------------------------------------------------------------------------------------------------------------------------------------------------------------------------------------------------------------------------|----------------------|----------|--------|---------|
|travel_id |key |writer          |title          |content                                                                                                                                                                                                                              |reg_date              |hit_count |price   |img_id   |
|----------|----|----------------|---------------|-------------------------------------------------------------------------------------------------------------------------------------------------------------------------------------------------------------------------------------|----------------------|----------|--------|---------|
|40        |2   |admin@gmail.com |북경&고북수진        |안녕하세요. 욜로투어입니다.

2016년 7월 하나투어 고객님께 추천하는 여행지는 “우리 가족 여행 놀이터, 북경 & 고북수진" 입니다.

북경의 역사, 문화의 자연을 한 번에 느끼고 싶다면, 소소한 체험 거리와 함께 편안한 힐링의 시간을 원한다면, 무엇보다 새로운 북경을 만나고 싶다면 ‘고북수진’을 주목하세요!
올여름 아이들과 함께 가족 여행을 계획하는 분,북경 재방문 고객에게 강력 추천합니다. |2018-07-19 11:54:56.0 |0         |3000000 |buk.jpg  |
|32        |2   |admin@gmail.com |모든것이 이루어지는 두바이 |안녕하세요. 욜로투어입니다.

2016년 9월 하나투어 고객님께 추천하는 여행지는 “상상하는 모든 이 이루어지는 곳" 이라는 슬로건으로 이색적인 중동여행에서 결코 빼놓을 수 없는 두바이를 소개합니다.

사막 사파리, 베두인식 뷔페, 세계 3대 분수 쇼로 꼽히는 웅장한 스케일의 두바이 분수 쇼 등 화려한 이슬람 문화의 향취를 선사하는 인간이 만든 가장 호사스러운 곳 두바이를 추천합니다.         |2018-07-19 10:47:37.0 |0         |3000000 |dubi.JPG |
|23        |2   |admin@gmail.com |뉴질랜드           |dd                                                                                                                                                                                                                                   |2018-07-16 18:45:09.0 |0         |600000  |0        |
|4         |2   |admin@gmail.com |T3             |C3                                                                                                                                                                                                                                   |2018-07-13 16:48:04.0 |0         |0       |3.jpg    |
|3         |2   |admin@gmail.com |T2             |C2                                                                                                                                                                                                                                   |2018-07-13 16:48:04.0 |0         |0       |2.jpg    |
|----------|----|----------------|---------------|-------------------------------------------------------------------------------------------------------------------------------------------------------------------------------------------------------------------------------------|----------------------|----------|--------|---------|
 
2018:07:19 12:02:42.360 INFO  --- [http-nio-8080-exec-6] jdbc.resultsettable : 
|--------|----------------|---------|
|user_id |email           |password |
|--------|----------------|---------|
|5       |admin@gmail.com |admin    |
|--------|----------------|---------|
 
2018:07:19 12:02:43.448 INFO  --- [http-nio-8080-exec-1] jdbc.resultsettable : 
|-----|----------|----|----------------|-------------------|-------------------------------------------------------------------------------------------------------------------------------------------------------------------------------------------------------------------------------------|----------------------|----------|--------|--------------|
|rnum |travel_id |key |writer          |title              |content                                                                                                                                                                                                                              |reg_date              |hit_count |price   |img_id        |
|-----|----------|----|----------------|-------------------|-------------------------------------------------------------------------------------------------------------------------------------------------------------------------------------------------------------------------------------|----------------------|----------|--------|--------------|
|1    |40        |2   |admin@gmail.com |북경&고북수진            |안녕하세요. 욜로투어입니다.

2016년 7월 하나투어 고객님께 추천하는 여행지는 “우리 가족 여행 놀이터, 북경 & 고북수진" 입니다.

북경의 역사, 문화의 자연을 한 번에 느끼고 싶다면, 소소한 체험 거리와 함께 편안한 힐링의 시간을 원한다면, 무엇보다 새로운 북경을 만나고 싶다면 ‘고북수진’을 주목하세요!
올여름 아이들과 함께 가족 여행을 계획하는 분,북경 재방문 고객에게 강력 추천합니다. |2018-07-19 11:54:56.0 |0         |3000000 |buk.jpg       |
|2    |39        |1   |admin@gmail.com |충주 문성자연휴양림 휴식      |산책하기 좋은 중앙 탑 공원 산책과 충주박물관 둘러보기
        -우리나라의 정 중앙에 위치한 국보 제6호, 유일한 7층 석탑 
        -충주의 역사를 한눈에 알아 볼 수 있는 충주박물관 관람                                                                                                                 |2018-07-19 11:00:30.0 |0         |19900   |[null]        |
|3    |38        |1   |admin@gmail.com |홍천 수타사 산소길 산책      |빼어난 계곡미와 울창한 숲길 홍천 수타사 산소길 산책
        -한국 100대 명산인 공작산에 자리한 천년고찰 수타사 
        -울창한 숲길과 계곡을 따라 여유롭게 산소길 산책하기                                                                                                                        |2018-07-19 11:00:05.0 |0         |22900   |hongchone.jpg |
|4    |37        |1   |admin@gmail.com |정선 더덕 체험           |한국의 그랜드캐니언이라 불리는 스카이워크 전망대 관람
        -한반도 모양으로 동강 물줄기가 흐르는 비경 감상
        -해발 583m의 절벽 끝에 투명한 바닥을 걷는 짜릿함!                                                                                                                          |2018-07-19 10:59:33.0 |0         |29900   |jungsun.jpg   |
|5    |36        |1   |admin@gmail.com |백두대간 협곡열차          |천혜의 자연경관을 달리는 백두대간 협곡열차 탑승
- 좁디좁은 협곡 사이로 아래로는 절벽, 위로는 바위산이 보이는 창밖 풍경을

                    자연 그대로 오감으로 느끼는, 여행을 넘어선 힐링여행
                 - 철암 → 분천 구간 백두대간 협곡열차 V-train 이용

                                                  |2018-07-19 10:59:03.0 |0         |85000   |backdu.jpg    |
|6    |35        |1   |admin@gmail.com |금산 출렁다리            |원주 핫 플레이스 소금산 출렁다리+스카이워크 전망대 관람
                 - 국내 최장 거리의 출렁다리 위에서 아름다운 절경 
                 - 자유중식                                                                                                                             |2018-07-19 10:58:15.0 |0         |50000   |kumsan.jpg    |
|7    |34        |1   |admin@gmail.com |즐거운 인천여행! 영종레일바이크  |서해바다를 조망하며 신나게 레일바이크 탑승(왕복 5.6km구간)
        -서울에서 가장 가깝게 레저를 즐길 수 있는 레일바이크 장소
        -사랑하는 사람과 함께 즐거운 추억을 만들기 좋습니다.                                                                                                               |2018-07-19 10:56:17.0 |0         |27900   |inchone.jpg   |
|8    |33        |1   |admin@gmail.com |강릉 안목해변 바캉스        |커피향이 어우러진 안목 해수욕장 바캉스 즐기기  
        -커피숍들이 즐비한 아름다운 안목 해수욕장 바캉스
        -솔 숲길 따라 걸어볼 수 있는 강릉 바우길 산책하기
        -사랑하는 사람과 함께 신나는 여름추억을 만드세요.                                                                                        |2018-07-19 10:53:33.0 |0         |19900   |kungrun.jpg   |
|9    |32        |2   |admin@gmail.com |모든것이 이루어지는 두바이     |안녕하세요. 욜로투어입니다.

2016년 9월 하나투어 고객님께 추천하는 여행지는 “상상하는 모든 이 이루어지는 곳" 이라는 슬로건으로 이색적인 중동여행에서 결코 빼놓을 수 없는 두바이를 소개합니다.

사막 사파리, 베두인식 뷔페, 세계 3대 분수 쇼로 꼽히는 웅장한 스케일의 두바이 분수 쇼 등 화려한 이슬람 문화의 향취를 선사하는 인간이 만든 가장 호사스러운 곳 두바이를 추천합니다.         |2018-07-19 10:47:37.0 |0         |3000000 |dubi.JPG      |
|10   |31        |1   |admin@gmail.com |상상체험 서귀포 잠수함 우도 3일 |욜로투어와 함께하는 제주도 패키지 여행!                                                                                                                                                                                                               |2018-07-19 10:44:46.0 |0         |247000  |seogipo.jpg   |
|-----|----------|----|----------------|-------------------|-------------------------------------------------------------------------------------------------------------------------------------------------------------------------------------------------------------------------------------|----------------------|----------|--------|--------------|
 
2018:07:19 12:02:43.451 INFO  --- [http-nio-8080-exec-1] jdbc.resultsettable : 
|---------|
|count(*) |
|---------|
|21       |
|---------|
 
2018:07:19 12:02:43.460 INFO  --- [http-nio-8080-exec-1] jdbc.resultsettable : 
|----------|----|----------------|-------------------|-------------------------------------------------------------------------------------------------------------------------------------------------------------------------------------------------------------------------------------------------------------------------------------------------------------------------------|----------------------|----------|--------|---------------|
|travel_id |key |writer          |title              |content                                                                                                                                                                                                                                                                                                                        |reg_date              |hit_count |price   |img_id         |
|----------|----|----------------|-------------------|-------------------------------------------------------------------------------------------------------------------------------------------------------------------------------------------------------------------------------------------------------------------------------------------------------------------------------|----------------------|----------|--------|---------------|
|39        |1   |admin@gmail.com |충주 문성자연휴양림 휴식      |산책하기 좋은 중앙 탑 공원 산책과 충주박물관 둘러보기
        -우리나라의 정 중앙에 위치한 국보 제6호, 유일한 7층 석탑 
        -충주의 역사를 한눈에 알아 볼 수 있는 충주박물관 관람                                                                                                                                                                                                           |2018-07-19 11:00:30.0 |0         |19900   |[null]         |
|38        |1   |admin@gmail.com |홍천 수타사 산소길 산책      |빼어난 계곡미와 울창한 숲길 홍천 수타사 산소길 산책
        -한국 100대 명산인 공작산에 자리한 천년고찰 수타사 
        -울창한 숲길과 계곡을 따라 여유롭게 산소길 산책하기                                                                                                                                                                                                                  |2018-07-19 11:00:05.0 |0         |22900   |hongchone.jpg  |
|37        |1   |admin@gmail.com |정선 더덕 체험           |한국의 그랜드캐니언이라 불리는 스카이워크 전망대 관람
        -한반도 모양으로 동강 물줄기가 흐르는 비경 감상
        -해발 583m의 절벽 끝에 투명한 바닥을 걷는 짜릿함!                                                                                                                                                                                                                    |2018-07-19 10:59:33.0 |0         |29900   |jungsun.jpg    |
|36        |1   |admin@gmail.com |백두대간 협곡열차          |천혜의 자연경관을 달리는 백두대간 협곡열차 탑승
- 좁디좁은 협곡 사이로 아래로는 절벽, 위로는 바위산이 보이는 창밖 풍경을

                    자연 그대로 오감으로 느끼는, 여행을 넘어선 힐링여행
                 - 철암 → 분천 구간 백두대간 협곡열차 V-train 이용

                                                                                                                                            |2018-07-19 10:59:03.0 |0         |85000   |backdu.jpg     |
|35        |1   |admin@gmail.com |금산 출렁다리            |원주 핫 플레이스 소금산 출렁다리+스카이워크 전망대 관람
                 - 국내 최장 거리의 출렁다리 위에서 아름다운 절경 
                 - 자유중식                                                                                                                                                                                                                       |2018-07-19 10:58:15.0 |0         |50000   |kumsan.jpg     |
|34        |1   |admin@gmail.com |즐거운 인천여행! 영종레일바이크  |서해바다를 조망하며 신나게 레일바이크 탑승(왕복 5.6km구간)
        -서울에서 가장 가깝게 레저를 즐길 수 있는 레일바이크 장소
        -사랑하는 사람과 함께 즐거운 추억을 만들기 좋습니다.                                                                                                                                                                                                         |2018-07-19 10:56:17.0 |0         |27900   |inchone.jpg    |
|33        |1   |admin@gmail.com |강릉 안목해변 바캉스        |커피향이 어우러진 안목 해수욕장 바캉스 즐기기  
        -커피숍들이 즐비한 아름다운 안목 해수욕장 바캉스
        -솔 숲길 따라 걸어볼 수 있는 강릉 바우길 산책하기
        -사랑하는 사람과 함께 신나는 여름추억을 만드세요.                                                                                                                                                                                  |2018-07-19 10:53:33.0 |0         |19900   |kungrun.jpg    |
|31        |1   |admin@gmail.com |상상체험 서귀포 잠수함 우도 3일 |욜로투어와 함께하는 제주도 패키지 여행!                                                                                                                                                                                                                                                                                                         |2018-07-19 10:44:46.0 |0         |247000  |seogipo.jpg    |
|30        |1   |admin@gmail.com |여수로 어서 놀러오세요!      |1박2일 추천 상품                                                                                                                                                                                                                                                                                                                     |2018-07-18 16:55:21.0 |0         |1000000 |Yeosu.jpg      |
|29        |1   |admin@gmail.com |아기자기한 매력이 있는 통영    |그림처럼 아른다운 자연이 펼처진 통영은 이국적인 여행코스로 한국의 나폴리라 불리는데요.
해마다 많은 여행객들이 찾는 국내여행지 추천 목록에서 빠지지 않는 곳이예요.                                                                                                                                                                                                                                   |2018-07-18 16:45:59.0 |0         |22000   |tong.jpg       |
|28        |1   |admin@gmail.com |한국의 나폴리 장호항        |ㄱㄱ                                                                                                                                                                                                                                                                                                                             |2018-07-18 16:41:36.0 |0         |1000000 |Janghohang.jpg |
|27        |1   |admin@gmail.com |장호에서 즐기는 휴가 스노클링   |탁트인 조망~ 목장 산책로따라 스위스 풍경같은~ 이국적인 풍경 감상! 아기자기한 멋이 있는 목장을 배경으로 예쁜 사진도 담아보고, 가까이 서서 양들도 관찰하고, 건초 먹이주기 체험도 해보세요!  영화 <화성으로 간 사나이>, CF <판프린-에프> 촬영지로도 유명합니다~!
                                                                                                                                                                      |2018-07-18 16:38:31.0 |0         |30000   |jangho.jpg     |
|26        |1   |admin@gmail.com |강화루지               |ㅇㅇ                                                                                                                                                                                                                                                                                                                             |2018-07-18 16:38:06.0 |0         |5000    |GangHwa.jpg    |
|24        |1   |admin@gmail.com |제주도                |떠나요 제주도~                                                                                                                                                                                                                                                                                                                       |2018-07-16 18:46:42.0 |0         |1000000 |Jeju.jpg       |
|2         |1   |admin@gmail.com |해운대                |여름엔 역시 바다, 해수욕장!
바다하면 바로 떠오르는 곳이죠!!
무더운 여름이라도
바다로 뛰어들면
더위도 날리고 추억도 쌓고

그래서 저랑 부산 갈 사람?                                                                                                                                                                                                                                   |2018-07-13 16:48:04.0 |0         |300000  |Janghohang.jpg |
|1         |1   |admin@gmail.com |해양관광휴양도시 여수        |한국의 아름다운 길, 100선에 선정된 여수의 대표 관광지 아름다운 오동도!
오동도는 여수에서 뿐만 아니라 국내의 아름다운 길로 선정된 바가 있을 만큼 아름다운 곳이에요~
당일치기 여행으로 여수를 찾는 여행객들에게는 적극 추천하는 관광지!!
여수에 오셨다면 오동도는 들러봐야지 않겠어요?*^0^*
오동도는 사계절 내내 아름다워 봄,여름,가을,겨울 할 것 없이 여행객들에게 많은 사랑을 받고 있습니다.
봄엔 붉은 동백꽃이 만개해 발그레한 볼을 붉히고,
여름엔 싱그러운 푸른잎으로 가득한 대숲 나무사이에서 아름다운 자연의 경치와 시원함을 만끽하실수 있답니다!
 |2018-07-13 16:48:07.0 |0         |3000000 |Yeosu.jpg      |
|----------|----|----------------|-------------------|-------------------------------------------------------------------------------------------------------------------------------------------------------------------------------------------------------------------------------------------------------------------------------------------------------------------------------|----------------------|----------|--------|---------------|
 
2018:07:19 12:02:43.467 INFO  --- [http-nio-8080-exec-1] jdbc.resultsettable : 
|----------|----|----------------|---------------|-------------------------------------------------------------------------------------------------------------------------------------------------------------------------------------------------------------------------------------|----------------------|----------|--------|---------|
|travel_id |key |writer          |title          |content                                                                                                                                                                                                                              |reg_date              |hit_count |price   |img_id   |
|----------|----|----------------|---------------|-------------------------------------------------------------------------------------------------------------------------------------------------------------------------------------------------------------------------------------|----------------------|----------|--------|---------|
|40        |2   |admin@gmail.com |북경&고북수진        |안녕하세요. 욜로투어입니다.

2016년 7월 하나투어 고객님께 추천하는 여행지는 “우리 가족 여행 놀이터, 북경 & 고북수진" 입니다.

북경의 역사, 문화의 자연을 한 번에 느끼고 싶다면, 소소한 체험 거리와 함께 편안한 힐링의 시간을 원한다면, 무엇보다 새로운 북경을 만나고 싶다면 ‘고북수진’을 주목하세요!
올여름 아이들과 함께 가족 여행을 계획하는 분,북경 재방문 고객에게 강력 추천합니다. |2018-07-19 11:54:56.0 |0         |3000000 |buk.jpg  |
|32        |2   |admin@gmail.com |모든것이 이루어지는 두바이 |안녕하세요. 욜로투어입니다.

2016년 9월 하나투어 고객님께 추천하는 여행지는 “상상하는 모든 이 이루어지는 곳" 이라는 슬로건으로 이색적인 중동여행에서 결코 빼놓을 수 없는 두바이를 소개합니다.

사막 사파리, 베두인식 뷔페, 세계 3대 분수 쇼로 꼽히는 웅장한 스케일의 두바이 분수 쇼 등 화려한 이슬람 문화의 향취를 선사하는 인간이 만든 가장 호사스러운 곳 두바이를 추천합니다.         |2018-07-19 10:47:37.0 |0         |3000000 |dubi.JPG |
|23        |2   |admin@gmail.com |뉴질랜드           |dd                                                                                                                                                                                                                                   |2018-07-16 18:45:09.0 |0         |600000  |0        |
|4         |2   |admin@gmail.com |T3             |C3                                                                                                                                                                                                                                   |2018-07-13 16:48:04.0 |0         |0       |3.jpg    |
|3         |2   |admin@gmail.com |T2             |C2                                                                                                                                                                                                                                   |2018-07-13 16:48:04.0 |0         |0       |2.jpg    |
|----------|----|----------------|---------------|-------------------------------------------------------------------------------------------------------------------------------------------------------------------------------------------------------------------------------------|----------------------|----------|--------|---------|
 
2018:07:19 12:04:59.296 INFO  --- [http-nio-8080-exec-8] jdbc.resultsettable : 
|----------|----|----------------|------------|----------------------------------------------------------------------------------------------------------------------------------------------|----------------------|----------|------|------------|
|travel_id |key |writer          |title       |content                                                                                                                                       |reg_date              |hit_count |price |img_id      |
|----------|----|----------------|------------|----------------------------------------------------------------------------------------------------------------------------------------------|----------------------|----------|------|------------|
|33        |1   |admin@gmail.com |강릉 안목해변 바캉스 |커피향이 어우러진 안목 해수욕장 바캉스 즐기기  
        -커피숍들이 즐비한 아름다운 안목 해수욕장 바캉스
        -솔 숲길 따라 걸어볼 수 있는 강릉 바우길 산책하기
        -사랑하는 사람과 함께 신나는 여름추억을 만드세요. |2018-07-19 10:53:33.0 |0         |19900 |kungrun.jpg |
|----------|----|----------------|------------|----------------------------------------------------------------------------------------------------------------------------------------------|----------------------|----------|------|------------|
 
2018:07:19 12:05:01.334 INFO  --- [http-nio-8080-exec-6] jdbc.resultsettable : 
|----------|----|----------------|------------|----------------------------------------------------------------------------------------------------------------------------------------------|----------------------|----------|------|------------|
|travel_id |key |writer          |title       |content                                                                                                                                       |reg_date              |hit_count |price |img_id      |
|----------|----|----------------|------------|----------------------------------------------------------------------------------------------------------------------------------------------|----------------------|----------|------|------------|
|33        |1   |admin@gmail.com |강릉 안목해변 바캉스 |커피향이 어우러진 안목 해수욕장 바캉스 즐기기  
        -커피숍들이 즐비한 아름다운 안목 해수욕장 바캉스
        -솔 숲길 따라 걸어볼 수 있는 강릉 바우길 산책하기
        -사랑하는 사람과 함께 신나는 여름추억을 만드세요. |2018-07-19 10:53:33.0 |0         |19900 |kungrun.jpg |
|----------|----|----------------|------------|----------------------------------------------------------------------------------------------------------------------------------------------|----------------------|----------|------|------------|
 
2018:07:19 12:05:11.078 WARN  --- [http-nio-8080-exec-1] o.s.validation.DataBinder : Skipping URI variable 'travelId' since the request contains a bind value with the same name. 
2018:07:19 12:05:11.131 INFO  --- [http-nio-8080-exec-1] jdbc.resultsettable : 
|----------|----|----------------|------------|----------------------------------------------------------------------------------------------------------------------------------------------|----------------------|----------|------|----------|
|travel_id |key |writer          |title       |content                                                                                                                                       |reg_date              |hit_count |price |img_id    |
|----------|----|----------------|------------|----------------------------------------------------------------------------------------------------------------------------------------------|----------------------|----------|------|----------|
|33        |1   |admin@gmail.com |강릉 안목해변 바캉스 |커피향이 어우러진 안목 해수욕장 바캉스 즐기기  
        -커피숍들이 즐비한 아름다운 안목 해수욕장 바캉스
        -솔 숲길 따라 걸어볼 수 있는 강릉 바우길 산책하기
        -사랑하는 사람과 함께 신나는 여름추억을 만드세요. |2018-07-19 10:53:33.0 |0         |19900 |anmok.jpg |
|----------|----|----------------|------------|----------------------------------------------------------------------------------------------------------------------------------------------|----------------------|----------|------|----------|
 
2018:07:19 12:15:50.280 INFO  --- [RMI TCP Connection(2)-127.0.0.1] o.s.b.a.SpringApplicationAdminMXBeanRegistrar$SpringApplicationAdmin : Application shutdown requested. 
2018:07:19 12:15:50.281 INFO  --- [RMI TCP Connection(2)-127.0.0.1] o.s.b.c.e.AnnotationConfigEmbeddedWebApplicationContext : Closing org.springframework.boot.context.embedded.AnnotationConfigEmbeddedWebApplicationContext@794cb805: startup date [Thu Jul 19 12:01:08 KST 2018]; root of context hierarchy 
2018:07:19 12:15:50.283 INFO  --- [RMI TCP Connection(2)-127.0.0.1] o.s.j.e.a.AnnotationMBeanExporter : Unregistering JMX-exposed beans on shutdown 
